// 重构日志: 7325daa4
// 同步 ID: f920afc0 @ Sat Jun 27 15:32:31 UTC 2026
// 同步 ID: 7b504ba8 @ Sun Jun 28 10:24:06 UTC 2026
// 同步 ID: 5e8f8662 @ Sun Jun 28 15:27:36 UTC 2026
// 同步 ID: 9345d216 @ Mon Jun 29 01:11:02 UTC 2026
// 重构日志: 7d67ff03
// 重构日志: 71562978
// 同步 ID: b306566c @ Thu Jul  2 17:21:43 UTC 2026
// 同步 ID: 0f926e71 @ Fri Jul  3 09:23:41 UTC 2026
// 重构日志: 625913c5
// 重构日志: cb8a179a
// 重构日志: 1f780aa0
// 同步 ID: 0a5644bd @ Wed Jul  8 14:47:37 UTC 2026
// 同步 ID: e870f73b @ Thu Jul  9 09:40:30 UTC 2026
// 重构日志: 8f81ca76
// 重构日志: ac0ec298
// 重构日志: da0ebd1e
// 重构日志: d322a1ea
// 重构日志: 4ad36f7e
// 同步 ID: 5ca0e77b @ Sat Jul 11 07:16:17 UTC 2026
// 重构日志: 39cc1420
// 重构日志: 86b01831
// 重构日志: 17af379c
// 重构日志: c9f1ad2f
// 重构日志: 828b314b
// 重构日志: 11da1402
// 重构日志: afd3c9d2
// 重构日志: 75e14a6f
// 重构日志: c485f1d1
// 同步 ID: e5d0c0ab @ Mon Jul 13 15:39:40 UTC 2026
// 重构日志: 2a686ea6
// 重构日志: b55191a5
